<?xml version="1.0" encoding="UTF-8"?>
<!-- Generated by org.testng.reporters.JUnitReportReporter -->
<testsuite skipped="0" hostname="DDC2-D-9TQR9B2" name="MyDemo_02.MyDemo_02.Excel" tests="1" failures="0" timestamp="22 Jul 2019 09:37:03 GMT" time="1.019" errors="0">
  <testcase name="createExcel" time="1.019" classname="MyDemo_02.MyDemo_02.Excel"/>
</testsuite> <!-- MyDemo_02.MyDemo_02.Excel -->
